# JRE version: Java(TM) SE Runtime Environment (8.0_161-b12) (build 1.8.0_161-b12)
# Java VM: Java HotSpot(TM) 64-Bit Server VM (25.161-b12 mixed mode windows-amd64 compressed oops)
Heap:
 PSYoungGen      total 56832K, used 30053K [0x0000000780e00000, 0x0000000784d00000, 0x00000007c0000000)
  eden space 49152K, 45% used [0x0000000780e00000,0x00000007823dcfb0,0x0000000783e00000)
  from space 7680K, 99% used [0x0000000784580000,0x0000000784cfc7b8,0x0000000784d00000)
  to   space 7680K, 0% used [0x0000000783e00000,0x0000000783e00000,0x0000000784580000)
 ParOldGen       total 130048K, used 1688K [0x0000000702a00000, 0x000000070a900000, 0x0000000780e00000)
  object space 130048K, 1% used [0x0000000702a00000,0x0000000702ba6298,0x000000070a900000)
 Metaspace       used 19761K, capacity 20560K, committed 20736K, reserved 1067008K
  class space    used 2596K, capacity 2814K, committed 2816K, reserved 1048576K
GC Heap History (4 events):
Event: 1.563 GC heap before
{Heap before GC invocations=1 (full 0):
 PSYoungGen      total 56832K, used 49152K [0x0000000780e00000, 0x0000000784d00000, 0x00000007c0000000)
  eden space 49152K, 100% used [0x0000000780e00000,0x0000000783e00000,0x0000000783e00000)
  from space 7680K, 0% used [0x0000000784580000,0x0000000784580000,0x0000000784d00000)
  to   space 7680K, 0% used [0x0000000783e00000,0x0000000783e00000,0x0000000784580000)
 ParOldGen       total 130048K, used 0K [0x0000000702a00000, 0x000000070a900000, 0x0000000780e00000)
  object space 130048K, 0% used [0x0000000702a00000,0x0000000702a00000,0x000000070a900000)
 Metaspace       used 13029K, capacity 13406K, committed 13568K, reserved 1060864K
  class space    used 1609K, capacity 1715K, committed 1792K, reserved 1048576K
Event: 1.570 GC heap after
Heap after GC invocations=1 (full 0):
 PSYoungGen      total 56832K, used 6133K [0x0000000780e00000, 0x0000000784d00000, 0x00000007c0000000)
  eden space 49152K, 0% used [0x0000000780e00000,0x0000000780e00000,0x0000000783e00000)
  from space 7680K, 79% used [0x0000000783e00000,0x00000007843fd600,0x0000000784580000)
  to   space 7680K, 0% used [0x0000000784580000,0x0000000784580000,0x0000000784d00000)
 ParOldGen       total 130048K, used 8K [0x0000000702a00000, 0x000000070a900000, 0x0000000780e00000)
  object space 130048K, 0% used [0x0000000702a00000,0x0000000702a02000,0x000000070a900000)
 Metaspace       used 13029K, capacity 13406K, committed 13568K, reserved 1060864K
  class space    used 1609K, capacity 1715K, committed 1792K, reserved 1048576K
}
Event: 2.071 GC heap before
{Heap before GC invocations=2 (full 0):
 PSYoungGen      total 56832K, used 55285K [0x0000000780e00000, 0x0000000784d00000, 0x00000007c0000000)
  eden space 49152K, 100% used [0x0000000780e00000,0x0000000783e00000,0x0000000783e00000)
  from space 7680K, 79% used [0x0000000783e00000,0x00000007843fd600,0x0000000784580000)
  to   space 7680K, 0% used [0x0000000784580000,0x0000000784580000,0x0000000784d00000)
 ParOldGen       total 130048K, used 8K [0x0000000702a00000, 0x000000070a900000, 0x0000000780e00000)
  object space 130048K, 0% used [0x0000000702a00000,0x0000000702a02000,0x000000070a900000)
 Metaspace       used 18437K, capacity 19218K, committed 19584K, reserved 1067008K
  class space    used 2394K, capacity 2601K, committed 2688K, reserved 1048576K
Event: 2.082 GC heap after
Heap after GC invocations=2 (full 0):
 PSYoungGen      total 56832K, used 7665K [0x0000000780e00000, 0x0000000784d00000, 0x00000007c0000000)
  eden space 49152K, 0% used [0x0000000780e00000,0x0000000780e00000,0x0000000783e00000)
  from space 7680K, 99% used [0x0000000784580000,0x0000000784cfc7b8,0x0000000784d00000)
  to   space 7680K, 0% used [0x0000000783e00000,0x0000000783e00000,0x0000000784580000)
 ParOldGen       total 130048K, used 1688K [0x0000000702a00000, 0x000000070a900000, 0x0000000780e00000)
  object space 130048K, 1% used [0x0000000702a00000,0x0000000702ba6298,0x000000070a900000)
 Metaspace       used 18437K, capacity 19218K, committed 19584K, reserved 1067008K
  class space    used 2394K, capacity 2601K, committed 2688K, reserved 1048576K
}

